SF:lib\features\number_trivia\data\models\number_trivia_model.dart
DA:4,1
DA:7,0
DA:13,0
DA:14,0
DA:15,0
DA:16,0
DA:20,0
DA:21,0
DA:22,0
DA:23,0
LF:10
LH:1
end_of_record
SF:lib\features\number_trivia\domain\entities\number_trivia.dart
DA:7,1
DA:12,0
DA:13,0
DA:14,0
DA:15,0
LF:5
LH:1
end_of_record
SF:lib\core\error\failure.dart
DA:6,0
DA:8,0
DA:9,0
LF:3
LH:0
end_of_record
SF:lib\core\usecase\use_case.dart
DA:11,0
DA:12,0
LF:2
LH:0
end_of_record
SF:lib\features\number_trivia\domain\usecases\get_concrete_number_trivia.dart
DA:12,0
DA:15,0
DA:16,0
DA:23,0
DA:25,0
DA:26,0
DA:27,0
LF:7
LH:0
end_of_record
SF:lib\features\number_trivia\domain\usecases\get_random_number_trivia.dart
DA:12,0
DA:15,0
DA:16,0
LF:3
LH:0
end_of_record
